<?xml version="1.0" encoding="UTF-8"?>
<!-- Generated by org.testng.reporters.JUnitReportReporter -->
<testsuite hostname="INBOOK_X1_SLIM" failures="0" tests="5" name="Test.Add_Test" time="14.186" errors="0" timestamp="2024-05-31T10:44:42 IST" skipped="0">
  <testcase classname="Test.Add_Test" name="Login_TestCase_Without_Enteringdata" time="0.086"/>
  <system-out/>
  <testcase classname="Test.Add_Test" name="Login_TestCase_valid_username_valid_password" time="4.590"/>
  <system-out/>
  <testcase classname="Test.Add_Test" name="Perform_Pim" time="0.266"/>
  <system-out/>
  <testcase classname="Test.Add_Test" name="Add_Emp" time="2.894"/>
  <system-out/>
  <testcase classname="Test.Add_Test" name="SaveButton" time="6.350"/>
  <system-out/>
</testsuite> <!-- Test.Add_Test -->
