<?xml version="1.0" encoding="UTF-8"?>
<!-- Generated by org.testng.reporters.JUnitReportReporter -->
<testsuite hostname="INBOOK_X1_SLIM" failures="0" tests="5" name="Test.LoginTest" time="18.314" errors="0" timestamp="2024-05-30T20:24:08 IST" skipped="0">
  <testcase classname="Test.LoginTest" name="Login_TestCase_Without_Enteringdata" time="0.101"/>
  <system-out/>
  <testcase classname="Test.LoginTest" name="Login_TestCase_inavlid_username_invalid_password" time="4.262"/>
  <system-out/>
  <testcase classname="Test.LoginTest" name="Login_TestCase_valid_username_invalid_password" time="3.338"/>
  <system-out/>
  <testcase classname="Test.LoginTest" name="Login_TestCase_invalid_username_valid_password" time="1.645"/>
  <system-out/>
  <testcase classname="Test.LoginTest" name="Login_TestCase_valid_username_valid_password" time="8.968"/>
  <system-out/>
</testsuite> <!-- Test.LoginTest -->
